SF:lib/core/failures/app_failure.dart
DA:3,2
DA:5,1
DA:6,2
LF:3
LH:3
end_of_record
SF:lib/data/models/post_model.dart
DA:9,3
DA:15,1
DA:20,1
DA:21,1
DA:22,1
DA:23,1
DA:27,1
DA:28,1
DA:29,1
DA:30,1
DA:31,1
DA:35,2
DA:36,2
DA:37,2
DA:38,4
DA:39,2
DA:40,0
DA:41,1
DA:42,2
DA:43,2
DA:47,0
DA:49,0
DA:50,0
DA:52,0
DA:53,0
DA:55,0
DA:59,0
DA:62,0
DA:63,0
LF:29
LH:19
end_of_record
SF:lib/core/utils/api_helper.dart
DA:4,1
DA:6,2
LF:2
LH:2
end_of_record
SF:lib/data/datasources/remote/api_service.dart
DA:9,1
DA:12,1
DA:14,2
DA:15,2
DA:17,3
DA:18,1
DA:19,1
DA:21,0
DA:22,0
DA:25,0
DA:29,0
DA:31,0
DA:32,0
DA:34,0
DA:35,0
DA:36,0
DA:38,0
DA:39,0
DA:42,0
LF:19
LH:7
end_of_record
SF:lib/data/datasources/local/database_service.dart
DA:8,0
DA:10,0
DA:14,0
DA:15,0
DA:16,0
DA:18,0
DA:21,0
DA:22,0
DA:33,0
DA:34,0
DA:35,0
DA:37,0
DA:38,0
DA:39,0
DA:42,0
DA:44,0
DA:51,0
DA:54,0
DA:55,0
DA:56,0
DA:58,0
DA:61,0
DA:62,0
DA:63,0
DA:66,0
DA:69,0
DA:70,0
LF:27
LH:0
end_of_record
SF:lib/data/repositories/post_repository.dart
DA:12,1
DA:14,1
DA:17,2
DA:19,1
DA:20,1
DA:23,1
DA:25,4
DA:29,1
DA:32,2
DA:33,1
DA:34,0
DA:35,1
DA:36,1
DA:37,1
DA:38,0
DA:39,2
DA:44,0
DA:48,0
DA:51,0
DA:53,0
DA:55,0
DA:57,0
DA:61,1
DA:64,2
DA:65,1
DA:67,0
LF:26
LH:17
end_of_record
SF:lib/main.dart
DA:7,0
DA:8,0
DA:14,2
DA:16,1
DA:18,1
DA:19,1
DA:20,2
DA:21,2
DA:26,1
DA:29,1
LF:10
LH:8
end_of_record
SF:lib/core/utils/responsive_helper.dart
DA:16,1
DA:17,1
DA:18,0
DA:19,0
DA:21,0
DA:25,1
DA:26,1
DA:31,1
DA:32,1
LF:9
LH:6
end_of_record
SF:lib/core/theme/text_theme.dart
DA:10,3
DA:11,1
DA:16,3
DA:17,1
DA:22,3
DA:23,1
DA:28,3
DA:29,1
DA:34,3
DA:35,1
DA:40,3
DA:41,1
DA:46,3
DA:47,1
DA:52,3
DA:53,1
DA:59,3
DA:60,1
DA:66,3
DA:67,1
DA:72,3
DA:73,1
DA:78,3
DA:79,1
LF:24
LH:24
end_of_record
SF:lib/core/theme/theme.dart
DA:6,2
DA:7,1
DA:9,3
DA:11,1
DA:13,1
DA:14,1
DA:16,2
DA:17,2
DA:18,2
DA:22,3
DA:23,1
DA:24,1
DA:25,1
DA:26,1
DA:27,1
DA:28,1
DA:29,1
DA:30,1
DA:31,1
DA:32,1
DA:33,1
DA:34,1
LF:22
LH:22
end_of_record
SF:lib/core/widgets/connection_error_widget.dart
DA:12,0
DA:22,0
DA:24,0
DA:25,0
DA:26,0
DA:27,0
DA:28,0
DA:30,0
DA:33,0
DA:34,0
DA:35,0
DA:36,0
DA:38,0
DA:39,0
DA:40,0
DA:42,0
DA:44,0
DA:45,0
DA:46,0
DA:47,0
DA:48,0
DA:49,0
DA:51,0
DA:53,0
DA:54,0
DA:55,0
DA:56,0
DA:58,0
DA:59,0
DA:60,0
DA:61,0
DA:64,0
LF:32
LH:0
end_of_record
SF:lib/presentation/screens/posts/post_list_screen.dart
DA:9,1
DA:11,1
DA:13,2
DA:15,0
DA:16,0
DA:17,0
DA:19,0
DA:20,0
DA:23,0
DA:24,0
DA:26,0
DA:27,0
DA:31,0
DA:32,0
DA:33,0
DA:34,0
DA:35,0
DA:36,0
DA:37,0
DA:40,0
DA:41,0
DA:42,0
DA:43,0
DA:44,0
DA:45,0
DA:47,0
DA:49,0
DA:50,0
DA:51,0
LF:29
LH:3
end_of_record
SF:lib/presentation/screens/posts/widgets/post_card.dart
DA:8,0
DA:10,0
DA:12,0
DA:13,0
DA:14,0
DA:15,0
DA:17,0
DA:18,0
DA:19,0
DA:20,0
DA:22,0
DA:23,0
DA:24,0
DA:25,0
DA:26,0
LF:15
LH:0
end_of_record
SF:lib/presentation/viewmodels/post_view_model.dart
DA:9,0
DA:11,0
DA:12,0
DA:13,0
DA:14,0
DA:18,0
DA:19,0
DA:20,0
DA:21,0
DA:22,0
DA:23,0
LF:11
LH:0
end_of_record
SF:lib/presentation/viewmodels/post_view_model.g.dart
DA:9,0
DA:13,2
DA:14,1
LF:3
LH:2
end_of_record
SF:lib/providers/providers.g.dart
DA:9,0
DA:13,0
DA:26,0
DA:30,0
DA:42,0
DA:46,0
LF:6
LH:0
end_of_record
SF:lib/providers/providers.dart
DA:10,0
DA:12,0
DA:15,0
DA:17,0
DA:20,0
DA:22,0
DA:23,0
DA:24,0
LF:8
LH:0
end_of_record
